<?xml version="1.0" encoding="UTF-8"?>
<testng-results skipped="0" failed="0" ignored="0" total="1" passed="1">
  <reporter-output>
  </reporter-output>
  <suite name="Suite" duration-ms="34" started-at="2021-01-17T18:34:44Z" finished-at="2021-01-17T18:34:44Z">
    <groups>
    </groups>
    <test name="Test" duration-ms="34" started-at="2021-01-17T18:34:44Z" finished-at="2021-01-17T18:34:44Z">
      <class name="ExecuteTest.MavenTest">
        <test-method status="PASS" signature="g()[pri:0, instance:ExecuteTest.MavenTest@153f5a29]" name="g" duration-ms="8" started-at="2021-01-17T18:34:44Z" finished-at="2021-01-17T18:34:44Z">
          <reporter-output>
          </reporter-output>
        </test-method> <!-- g -->
      </class> <!-- ExecuteTest.MavenTest -->
    </test> <!-- Test -->
  </suite> <!-- Suite -->
</testng-results>
